#
# There is insufficient memory for the Java Runtime Environment to continue.
# Native memory allocation (mmap) failed to map 134217728 bytes. Error detail: G1 virtual space
# Possible reasons:
#   The system is out of physical RAM or swap space
#   This process is running with CompressedOops enabled, and the Java Heap may be blocking the growth of the native heap
# Possible solutions:
#   Reduce memory load on the system
#   Increase physical memory or swap space
#   Check if swap backing store is full
#   Decrease Java heap size (-Xmx/-Xms)
#   Decrease number of Java threads
#   Decrease Java thread stack sizes (-Xss)
#   Set larger code cache with -XX:ReservedCodeCacheSize=
#   JVM is running with Unscaled Compressed Oops mode in which the Java heap is
#     placed in the first 4GB address space. The Java Heap base address is the
#     maximum limit for the native heap growth. Please use -XX:HeapBaseMinAddress
#     to set the Java Heap base and to place the Java Heap above 4GB virtual address.
# This output file may be truncated or incomplete.
#
#  Out of Memory Error (os_windows.cpp:3828), pid=13220, tid=13860
#
# JRE version:  (21.0.5+8) (build )
# Java VM: OpenJDK 64-Bit Server VM (21.0.5+8-b631.30, mixed mode, sharing, tiered, compressed oops, compressed class ptrs, g1 gc, windows-amd64)
# No core dump will be written. Minidumps are not enabled by default on client versions of Windows
#

---------------  S U M M A R Y ------------

Command Line: git4idea.http.GitAskPassApp Username for 'https://github.com': 

Host: Intel(R) Core(TM) i5-9400F CPU @ 2.90GHz, 6 cores, 7G,  Windows 10 , 64 bit Build 19041 (10.0.19041.5438)
Time: Tue Jun 10 11:00:00 2025 Hora estándar de Argentina elapsed time: 0.056348 seconds (0d 0h 0m 0s)

---------------  T H R E A D  ---------------

Current thread (0x000001c76756d8c0):  JavaThread "Unknown thread" [_thread_in_vm, id=13860, stack(0x000000a62b100000,0x000000a62b200000) (1024K)]

Stack: [0x000000a62b100000,0x000000a62b200000]
Native frames: (J=compiled Java code, j=interpreted, Vv=VM code, C=native code)
V  [jvm.dll+0x6e52b9]
V  [jvm.dll+0x8c3633]
V  [jvm.dll+0x8c5b8e]
V  [jvm.dll+0x8c6273]
V  [jvm.dll+0x288f46]
V  [jvm.dll+0x6e1a35]
V  [jvm.dll+0x6d5e3a]
V  [jvm.dll+0x3634bb]
V  [jvm.dll+0x36b086]
V  [jvm.dll+0x3bd346]
V  [jvm.dll+0x3bd618]
V  [jvm.dll+0x335c2c]
V  [jvm.dll+0x33691b]
V  [jvm.dll+0x88aa89]
V  [jvm.dll+0x3ca518]
V  [jvm.dll+0x873b98]
V  [jvm.dll+0x45eede]
V  [jvm.dll+0x460bc1]
C  [jli.dll+0x52ab]
C  [ucrtbase.dll+0x21bb2]
C  [KERNEL32.DLL+0x17374]
C  [ntdll.dll+0x4cc91]


---------------  P R O C E S S  ---------------

Threads class SMR info:
_java_thread_list=0x00007ff9b2d8a148, length=0, elements={
}

Java Threads: ( => current thread )
Total: 0

Other Threads:
  0x000001c7675c3d30 WorkerThread "GC Thread#0"                     [id=556, stack(0x000000a62b200000,0x000000a62b300000) (1024K)]
  0x000001c7675d4b10 ConcurrentGCThread "G1 Main Marker"            [id=3992, stack(0x000000a62b300000,0x000000a62b400000) (1024K)]
  0x000001c7675d57c0 WorkerThread "G1 Conc#0"                       [id=17548, stack(0x000000a62b400000,0x000000a62b500000) (1024K)]

[error occurred during error reporting (printing all threads), id 0xc0000005, EXCEPTION_ACCESS_VIOLATION (0xc0000005) at pc=0x00007ff9b2478ce7]
VM state: not at safepoint (not fully initialized)

VM Mutex/Monitor currently owned by a thread:  ([mutex/lock_event])
[0x00007ff9b2dfeb30] Heap_lock - owner thread: 0x000001c76756d8c0

Heap address: 0x0000000081000000, size: 2032 MB, Compressed Oops mode: 32-bit

CDS archive(s) mapped at: [0x0000000000000000-0x0000000000000000-0x0000000000000000), size 0, SharedBaseAddress: 0x0000000800000000, ArchiveRelocationMode: 1.
Narrow klass base: 0x0000000000000000, Narrow klass shift: 0, Narrow klass range: 0x0

GC Precious Log:
 CardTable entry size: 512
 Card Set container configuration: InlinePtr #cards 5 size 8 Array Of Cards #cards 12 size 40 Howl #buckets 4 coarsen threshold 1843 Howl Bitmap #cards 512 size 80 coarsen threshold 460 Card regions per heap region 1 cards per card region 2048

Heap:
 garbage-first heap   total 0K, used 0K [0x0000000081000000, 0x0000000100000000)
  region size 1024K, 0 young (0K), 0 survivors (0K)
 Metaspace       used 0K, committed 0K, reserved 0K
  class space    used 0K, committed 0K, reserved 0K

Heap Regions: E=young(eden), S=young(survivor), O=old, HS=humongous(starts), HC=humongous(continues), CS=collection set, F=free, TAMS=top-at-mark-start, PB=parsable bottom

Card table byte_map: [0x000001c77aa20000,0x000001c77ae20000] _byte_map_base: 0x000001c77a618000

Marking Bits: (CMBitMap*) 0x000001c7675c4430
 Bits: [0x000001c77ae20000, 0x000001c77cde0000)

GC Heap History (0 events):
No events

Dll operation events (1 events):
Event: 0.042 Loaded shared library C:\Program Files\JetBrains\IntelliJ IDEA Community Edition 2024.3.2.2\jbr\bin\java.dll

Deoptimization events (0 events):
No events

Classes loaded (0 events):
No events

Classes unloaded (0 events):
No events

Classes redefined (0 events):
No events

Internal exceptions (0 events):
No events

ZGC Phase Switch (0 events):
No events

VM Operations (0 events):
No events

Memory protections (0 events):
No events

Nmethod flushes (0 events):
No events

Events (0 events):
No events


Dynamic libraries:
0x00007ff68b0e0000 - 0x00007ff68b0ea000 	C:\Program Files\JetBrains\IntelliJ IDEA Community Edition 2024.3.2.2\jbr\bin\java.exe
0x00007ffa230f0000 - 0x00007ffa232e8000 	C:\WINDOWS\SYSTEM32\ntdll.dll
0x00007ffa22180000 - 0x00007ffa22242000 	C:\WINDOWS\System32\KERNEL32.DLL
0x00007ffa20af0000 - 0x00007ffa20def000 	C:\WINDOWS\System32\KERNELBASE.dll
0x00007ffa20950000 - 0x00007ffa20a50000 	C:\WINDOWS\System32\ucrtbase.dll
0x00007ff9ba010000 - 0x00007ff9ba02b000 	C:\Program Files\JetBrains\IntelliJ IDEA Community Edition 2024.3.2.2\jbr\bin\VCRUNTIME140.dll
0x00007ffa0c880000 - 0x00007ffa0c898000 	C:\Program Files\JetBrains\IntelliJ IDEA Community Edition 2024.3.2.2\jbr\bin\jli.dll
0x00007ffa21180000 - 0x00007ffa2131d000 	C:\WINDOWS\System32\USER32.dll
0x00007ffa21030000 - 0x00007ffa21052000 	C:\WINDOWS\System32\win32u.dll
0x00007ffa22fd0000 - 0x00007ffa22ffb000 	C:\WINDOWS\System32\GDI32.dll
0x00007ffa20830000 - 0x00007ffa2094a000 	C:\WINDOWS\System32\gdi32full.dll
0x00007ffa20790000 - 0x00007ffa2082d000 	C:\WINDOWS\System32\msvcp_win.dll
0x00007ffa19af0000 - 0x00007ffa19d8a000 	C:\WINDOWS\WinSxS\amd64_microsoft.windows.common-controls_6595b64144ccf1df_6.0.19041.4355_none_60b8b9eb71f62e16\COMCTL32.dll
0x00007ffa23000000 - 0x00007ffa2309e000 	C:\WINDOWS\System32\msvcrt.dll
0x00007ffa229f0000 - 0x00007ffa22a1f000 	C:\WINDOWS\System32\IMM32.DLL
0x00007ff9ba000000 - 0x00007ff9ba00c000 	C:\Program Files\JetBrains\IntelliJ IDEA Community Edition 2024.3.2.2\jbr\bin\vcruntime140_1.dll
0x00007ff9f5520000 - 0x00007ff9f55ad000 	C:\Program Files\JetBrains\IntelliJ IDEA Community Edition 2024.3.2.2\jbr\bin\msvcp140.dll
0x00007ff9b2130000 - 0x00007ff9b2ef1000 	C:\Program Files\JetBrains\IntelliJ IDEA Community Edition 2024.3.2.2\jbr\bin\server\jvm.dll
0x00007ffa21da0000 - 0x00007ffa21e4f000 	C:\WINDOWS\System32\ADVAPI32.dll
0x00007ffa21ce0000 - 0x00007ffa21d7f000 	C:\WINDOWS\System32\sechost.dll
0x00007ffa21bb0000 - 0x00007ffa21cd3000 	C:\WINDOWS\System32\RPCRT4.dll
0x00007ffa20a50000 - 0x00007ffa20a77000 	C:\WINDOWS\System32\bcrypt.dll
0x00007ffa22670000 - 0x00007ffa226db000 	C:\WINDOWS\System32\WS2_32.dll
0x00007ffa205f0000 - 0x00007ffa2063b000 	C:\WINDOWS\SYSTEM32\POWRPROF.dll
0x00007ffa1a520000 - 0x00007ffa1a547000 	C:\WINDOWS\SYSTEM32\WINMM.dll
0x00007ffa1a550000 - 0x00007ffa1a55a000 	C:\WINDOWS\SYSTEM32\VERSION.dll
0x00007ffa205d0000 - 0x00007ffa205e2000 	C:\WINDOWS\SYSTEM32\UMPDC.dll
0x00007ffa1e630000 - 0x00007ffa1e642000 	C:\WINDOWS\SYSTEM32\kernel.appcore.dll
0x00007ff9b9ff0000 - 0x00007ff9b9ffa000 	C:\Program Files\JetBrains\IntelliJ IDEA Community Edition 2024.3.2.2\jbr\bin\jimage.dll
0x00007ffa0eb50000 - 0x00007ffa0ed34000 	C:\WINDOWS\SYSTEM32\DBGHELP.DLL
0x00007ffa07fc0000 - 0x00007ffa07ff4000 	C:\WINDOWS\SYSTEM32\dbgcore.DLL
0x00007ffa20fa0000 - 0x00007ffa21022000 	C:\WINDOWS\System32\bcryptPrimitives.dll
0x00007ff9b9fd0000 - 0x00007ff9b9ff0000 	C:\Program Files\JetBrains\IntelliJ IDEA Community Edition 2024.3.2.2\jbr\bin\java.dll

dbghelp: loaded successfully - version: 4.0.5 - missing functions: none
symbol engine: initialized successfully - sym options: 0x614 - pdb path: .;C:\Program Files\JetBrains\IntelliJ IDEA Community Edition 2024.3.2.2\jbr\bin;C:\WINDOWS\SYSTEM32;C:\WINDOWS\WinSxS\amd64_microsoft.windows.common-controls_6595b64144ccf1df_6.0.19041.4355_none_60b8b9eb71f62e16;C:\Program Files\JetBrains\IntelliJ IDEA Community Edition 2024.3.2.2\jbr\bin\server

VM Arguments:
java_command: git4idea.http.GitAskPassApp Username for 'https://github.com': 
java_class_path (initial): C:/Program Files/JetBrains/IntelliJ IDEA Community Edition 2024.3.2.2/plugins/vcs-git/lib/git4idea-rt.jar;C:/Program Files/JetBrains/IntelliJ IDEA Community Edition 2024.3.2.2/lib/externalProcess-rt.jar
Launcher Type: SUN_STANDARD

[Global flags]
     intx CICompilerCount                          = 3                                         {product} {ergonomic}
     uint ConcGCThreads                            = 2                                         {product} {ergonomic}
     uint G1ConcRefinementThreads                  = 6                                         {product} {ergonomic}
   size_t G1HeapRegionSize                         = 1048576                                   {product} {ergonomic}
    uintx GCDrainStackTargetSize                   = 64                                        {product} {ergonomic}
   size_t InitialHeapSize                          = 134217728                                 {product} {ergonomic}
   size_t MarkStackSize                            = 4194304                                   {product} {ergonomic}
   size_t MaxHeapSize                              = 2130706432                                {product} {ergonomic}
   size_t MinHeapDeltaBytes                        = 1048576                                   {product} {ergonomic}
   size_t MinHeapSize                              = 8388608                                   {product} {ergonomic}
    uintx NonNMethodCodeHeapSize                   = 5832780                                {pd product} {ergonomic}
    uintx NonProfiledCodeHeapSize                  = 122912730                              {pd product} {ergonomic}
    uintx ProfiledCodeHeapSize                     = 122912730                              {pd product} {ergonomic}
    uintx ReservedCodeCacheSize                    = 251658240                              {pd product} {ergonomic}
     bool SegmentedCodeCache                       = true                                      {product} {ergonomic}
   size_t SoftMaxHeapSize                          = 2130706432                             {manageable} {ergonomic}
     bool UseCompressedOops                        = true                           {product lp64_product} {ergonomic}
     bool UseG1GC                                  = true                                      {product} {ergonomic}
     bool UseLargePagesIndividualAllocation        = false                                  {pd product} {ergonomic}

Logging:
Log output configuration:
 #0: stdout all=warning uptime,level,tags foldmultilines=false
 #1: stderr all=off uptime,level,tags foldmultilines=false

Environment Variables:
PATH=C:\Program Files\Git\mingw64\libexec\git-core;C:\Program Files\Git\mingw64\libexec\git-core;C:\Program Files\Git\mingw64\bin;C:\Program Files\Git\usr\bin;C:\Users\alumno\bin;C:\Program Files\Common Files\Oracle\Java\javapath;C:\Program Files (x86)\Common Files\Intel\Shared Libraries\redist\intel64_win\compiler;C:\Program Files (x86)\Common Files\Oracle\Java\javapath;C:\ProgramData\Oracle\Java\javapath;C:\WINDOWS\system32;C:\WINDOWS;C:\WINDOWS\System32\Wbem;C:\WINDOWS\System32\WindowsPowerShell\v1.0;C:\Program Files\Orca3D (64-bit);C:\WINDOWS\system32;C:\WINDOWS;C:\WINDOWS\System32\Wbem;C:\WINDOWS\System32\WindowsPowerShell\v1.0;C:\WINDOWS\System32\OpenSSH;C:\Program Files\Microsoft SQL Server\120\Tools\Binn;C:\Program Files\Common Files\Autodesk Shared;C:\Program Files\dotnet;C:\Program Files\Git\cmd;C:\Program Files\nodejs;C:\Users\alumno\AppData\Local\Microsoft\WindowsApps;C:\Users\alumno\AppData\Local\Programs\Microsoft VS Code\bin;C:\Users\alumno\AppData\Roaming\npm
USERNAME=alumno
DISPLAY=:0.0
LC_ALL=en_US.UTF-8
TERM=xterm-256color
TMPDIR=C:\Users\alumno\AppData\Local\Temp
OS=Windows_NT
PROCESSOR_IDENTIFIER=Intel64 Family 6 Model 158 Stepping 10, GenuineIntel
TMP=C:\Users\alumno\AppData\Local\Temp
TEMP=C:\Users\alumno\AppData\Local\Temp




Periodic native trim disabled

JNI global refs:
JNI global refs: 0, weak refs: 0

JNI global refs memory usage: 0, weak refs: 0

Process memory usage:
Resident Set Size: 10692K (0% of 8320132K total physical memory with 135260K free physical memory)

OOME stack traces (most recent first):
Classloader memory used:

---------------  S Y S T E M  ---------------

OS:
 Windows 10 , 64 bit Build 19041 (10.0.19041.5438)
OS uptime: 0 days 0:20 hours

CPU: total 6 (initial active 6) (6 cores per cpu, 1 threads per core) family 6 model 158 stepping 10 microcode 0xb4, cx8, cmov, fxsr, mmx, 3dnowpref, sse, sse2, sse3, ssse3, sse4.1, sse4.2, popcnt, lzcnt, tsc, tscinvbit, avx, avx2, aes, erms, clmul, bmi1, bmi2, adx, fma, vzeroupper, clflush, clflushopt, rdtscp, f16c
Processor Information for all 6 processors :
  Max Mhz: 2904, Current Mhz: 2904, Mhz Limit: 2904

Memory: 4k page, system-wide physical 8125M (132M free)
TotalPageFile size 10045M (AvailPageFile size 79M)
current process WorkingSet (physical memory assigned to process): 10M, peak: 10M
current process commit charge ("private bytes"): 56M, peak: 184M

vm_info: OpenJDK 64-Bit Server VM (21.0.5+8-b631.30) for windows-amd64 JRE (21.0.5+8-b631.30), built on 2024-12-06 by "builduser" with MS VC++ 16.10 / 16.11 (VS2019)

END.
